<?xml version="1.0" encoding="UTF-8"?>
<testsuite xmlns:xsi="http://www.w3.org/2001/XMLSchema-instance" xsi:noNamespaceSchemaLocation="https://maven.apache.org/surefire/maven-surefire-plugin/xsd/surefire-test-report-3.0.xsd" version="3.0" name="com.example.startup.startup.StartupApplicationTests" time="2.382" tests="1" errors="0" skipped="0" failures="0">
  <properties>
[...]
</properties>
  <testcase name="contextLoads" classname="com.example.startup.startup.StartupApplicationTests" time="0.404">
    <system-out><![CDATA[21:27:58.297 [main] INFO org.springframework.test.context.support.AnnotationConfigContextLoaderUtils -- Could not detect default configuration classes for test class [com.example.startup.startup.StartupApplicationTests]: StartupApplicationTests does not declare any static, non-private, non-final, nested classes annotated with @Configuration.
21:27:58.345 [main] INFO org.springframework.boot.test.context.SpringBootTestContextBootstrapper -- Found @SpringBootConfiguration com.example.startup.startup.StartupApplication for test class com.example.startup.startup.StartupApplicationTests

  .   ____          _            __ _ _
 /\\ / ___'_ __ _ _(_)_ __  __ _ \ \ \ \
( ( )\___ | '_ | '_| | '_ \/ _` | \ \ \ \
 \\/  ___)| |_)| | | | | || (_| |  ) ) ) )
  '  |____| .__|_| |_|_| |_\__, | / / / /
 =========|_|==============|___/=/_/_/_/
 :: Spring Boot ::                (v3.1.4)

2023-11-10T21:27:58.538+06:00  INFO 26654 --- [           main] c.e.s.startup.StartupApplicationTests    : Starting StartupApplicationTests using Java 17.0.7 with PID 26654 (started by asif in /Users/asif/Documents/dream/startup-backend)
2023-11-10T21:27:58.539+06:00  INFO 26654 --- [           main] c.e.s.startup.StartupApplicationTests    : No active profile set, falling back to 1 default profile: "default"
2023-11-10T21:27:58.933+06:00  INFO 26654 --- [           main] .s.d.r.c.RepositoryConfigurationDelegate : Bootstrapping Spring Data MongoDB repositories in DEFAULT mode.
2023-11-10T21:27:58.961+06:00  INFO 26654 --- [           main] .s.d.r.c.RepositoryConfigurationDelegate : Finished Spring Data repository scanning in 26 ms. Found 3 MongoDB repository interfaces.
2023-11-10T21:27:59.308+06:00  INFO 26654 --- [           main] org.mongodb.driver.client                : MongoClient with metadata {"driver": {"name": "mongo-java-driver|sync|spring-boot", "version": "4.9.1"}, "os": {"type": "Darwin", "name": "Mac OS X", "architecture": "aarch64", "version": "14.0"}, "platform": "Java/Oracle Corporation/17.0.7+8-LTS-224"} created with settings MongoClientSettings{readPreference=primary, writeConcern=WriteConcern{w=null, wTimeout=null ms, journal=null}, retryWrites=true, retryReads=true, readConcern=ReadConcern{level=null}, credential=MongoCredential{mechanism=null, userName='startup', source='admin', password=<hidden>, mechanismProperties=<hidden>}, streamFactoryFactory=null, commandListeners=[], codecRegistry=ProvidersCodecRegistry{codecProviders=[ValueCodecProvider{}, BsonValueCodecProvider{}, DBRefCodecProvider{}, DBObjectCodecProvider{}, DocumentCodecProvider{}, CollectionCodecProvider{}, IterableCodecProvider{}, MapCodecProvider{}, GeoJsonCodecProvider{}, GridFSFileCodecProvider{}, Jsr310CodecProvider{}, JsonObjectCodecProvider{}, BsonCodecProvider{}, EnumCodecProvider{}, com.mongodb.client.model.mql.ExpressionCodecProvider@d325518, com.mongodb.Jep395RecordCodecProvider@3b481bf5]}, loggerSettings=LoggerSettings{maxDocumentLength=1000}, clusterSettings={hosts=[127.0.0.1:27017], srvHost=startup.kvq26ui.mongodb.net, srvServiceName=mongodb, mode=MULTIPLE, requiredClusterType=REPLICA_SET, requiredReplicaSetName='atlas-plkq1a-shard-0', serverSelector='null', clusterListeners='[]', serverSelectionTimeout='30000 ms', localThreshold='30000 ms'}, socketSettings=SocketSettings{connectTimeoutMS=10000, readTimeoutMS=0, receiveBufferSize=0, sendBufferSize=0}, heartbeatSocketSettings=SocketSettings{connectTimeoutMS=10000, readTimeoutMS=10000, receiveBufferSize=0, sendBufferSize=0}, connectionPoolSettings=ConnectionPoolSettings{maxSize=100, minSize=0, maxWaitTimeMS=120000, maxConnectionLifeTimeMS=0, maxConnectionIdleTimeMS=0, maintenanceInitialDelayMS=0, maintenanceFrequencyMS=60000, connectionPoolListeners=[], maxConnecting=2}, serverSettings=ServerSettings{heartbeatFrequencyMS=10000, minHeartbeatFrequencyMS=500, serverListeners='[]', serverMonitorListeners='[]'}, sslSettings=SslSettings{enabled=true, invalidHostNameAllowed=false, context=null}, applicationName='null', compressorList=[], uuidRepresentation=JAVA_LEGACY, serverApi=null, autoEncryptionSettings=null, contextProvider=null}
2023-11-10T21:27:59.373+06:00  INFO 26654 --- [6ui.mongodb.net] org.mongodb.driver.cluster               : Adding discovered server ac-fcbtsc2-shard-00-00.kvq26ui.mongodb.net:27017 to client view of cluster
2023-11-10T21:27:59.385+06:00  INFO 26654 --- [6ui.mongodb.net] org.mongodb.driver.cluster               : Adding discovered server ac-fcbtsc2-shard-00-02.kvq26ui.mongodb.net:27017 to client view of cluster
2023-11-10T21:27:59.385+06:00  INFO 26654 --- [6ui.mongodb.net] org.mongodb.driver.cluster               : Adding discovered server ac-fcbtsc2-shard-00-01.kvq26ui.mongodb.net:27017 to client view of cluster
2023-11-10T21:27:59.766+06:00  WARN 26654 --- [           main] .s.s.UserDetailsServiceAutoConfiguration : 

Using generated security password: b8443861-fbee-49d9-9664-81e7658f3562

This generated password is for development use only. Your security configuration must be updated before running your application in production.

2023-11-10T21:27:59.838+06:00  INFO 26654 --- [           main] o.s.s.web.DefaultSecurityFilterChain     : Will secure any request with [org.springframework.security.web.session.DisableEncodeUrlFilter@563172d3, org.springframework.security.web.context.request.async.WebAsyncManagerIntegrationFilter@5086623f, org.springframework.security.web.context.SecurityContextHolderFilter@e07b4db, org.springframework.security.web.header.HeaderWriterFilter@55053f81, org.springframework.security.web.authentication.logout.LogoutFilter@78eafad, com.example.startup.startup.springSecurity.JwtTokenFilter@20027c44, org.springframework.security.web.savedrequest.RequestCacheAwareFilter@6be766d1, org.springframework.security.web.servletapi.SecurityContextHolderAwareRequestFilter@49c83262, org.springframework.security.web.authentication.AnonymousAuthenticationFilter@7eae55, org.springframework.security.web.session.SessionManagementFilter@3e28dc96, org.springframework.security.web.access.ExceptionTranslationFilter@218df7d6, org.springframework.security.web.access.intercept.AuthorizationFilter@6f2d3391]
2023-11-10T21:28:00.185+06:00  INFO 26654 --- [           main] c.e.s.startup.StartupApplicationTests    : Started StartupApplicationTests in 1.773 seconds (process running for 2.258)
]]></system-out>
  </testcase>
</testsuite>